<?xml version="1.0" encoding="UTF-8"?>
<!-- Generated by org.testng.reporters.JUnitReportReporter -->
<testsuite hostname="DESKTOP-RCPQQ8F" failures="0" tests="1" name="automationproject.LoginTest" time="14.291" errors="0" timestamp="2021-12-19T23:32:03 IST" skipped="0">
  <testcase classname="automationproject.LoginTest" name="loginSuccess" time="14.291"/>
  <system-out/>
</testsuite> <!-- automationproject.LoginTest -->
