<?xml version="1.0" encoding="UTF-8"?>
<!-- Generated by org.testng.reporters.JUnitReportReporter -->
<testsuite hostname="DESKTOP-RCPQQ8F" failures="0" tests="3" name="cucumberRunner.CucumberTestNGRunner" time="27.947" errors="0" timestamp="2021-12-29T01:06:44 IST" skipped="0">
  <testcase classname="cucumberRunner.CucumberTestNGRunner" name="runScenario" time="9.352"/>
  <system-out/>
  <testcase classname="cucumberRunner.CucumberTestNGRunner" name="runScenario" time="8.886"/>
  <system-out/>
  <testcase classname="cucumberRunner.CucumberTestNGRunner" name="runScenario" time="9.709"/>
  <system-out/>
</testsuite> <!-- cucumberRunner.CucumberTestNGRunner -->
