<?xml version="1.0" encoding="UTF-8"?>
<!-- Generated by org.testng.reporters.JUnitReportReporter -->
<testsuite hostname="DESKTOP-RCPQQ8F" failures="0" tests="1" name="automationproject.RegistrationTest" time="11.225" errors="0" timestamp="2021-12-29T01:06:44 IST" skipped="0">
  <testcase classname="automationproject.RegistrationTest" name="shouldRegisterSuccessfully" time="11.225"/>
  <system-out/>
</testsuite> <!-- automationproject.RegistrationTest -->
